Assembler report for RaspberryPi_Accelerator
Tue May 16 04:04:35 2023
Quartus Prime Version 21.1.1 Build 850 06/23/2022 SJ Lite Edition


---------------------
; Table of Contents ;
---------------------
  1. Legal Notice
  2. Assembler Summary
  3. Assembler Settings
  4. Assembler Generated Files
  5. Assembler Device Options: C:/Users/justi/Desktop/MSEE/BEE526/BEE526_Project/DE10-Lite/RaspberryPi_Accelerator/RaspberryPi_Accelerator.sof
  6. Assembler Messages



----------------
; Legal Notice ;
----------------
Copyright (C) 2022  Intel Corporation. All rights reserved.
Your use of Intel Corporation's design tools, logic functions 
and other software and tools, and any partner logic 
functions, and any output files from any of the foregoing 
(including device programming or simulation files), and any 
associated documentation or information are expressly subject 
to the terms and conditions of the Intel Program License 
Subscription Agreement, the Intel Quartus Prime License Agreement,
the Intel FPGA IP License Agreement, or other applicable license
agreement, including, without limitation, that your use is for
the sole purpose of programming logic devices manufactured by
Intel and sold by Intel or its authorized distributors.  Please
refer to the applicable agreement for further details, at
https://fpgasoftware.intel.com/eula.



+---------------------------------------------------------------+
; Assembler Summary                                             ;
+-----------------------+---------------------------------------+
; Assembler Status      ; Successful - Tue May 16 04:04:35 2023 ;
; Revision Name         ; RaspberryPi_Accelerator               ;
; Top-level Entity Name ; RaspberryPi_Accelerator               ;
; Family                ; MAX 10                                ;
; Device                ; 10M50DAF484C7G                        ;
+-----------------------+---------------------------------------+


+----------------------------------+
; Assembler Settings               ;
+--------+---------+---------------+
; Option ; Setting ; Default Value ;
+--------+---------+---------------+


+-----------------------------------------------------------------------------------------------------------------+
; Assembler Generated Files                                                                                       ;
+-----------------------------------------------------------------------------------------------------------------+
; File Name                                                                                                       ;
+-----------------------------------------------------------------------------------------------------------------+
; C:/Users/justi/Desktop/MSEE/BEE526/BEE526_Project/DE10-Lite/RaspberryPi_Accelerator/RaspberryPi_Accelerator.sof ;
+-----------------------------------------------------------------------------------------------------------------+


+-------------------------------------------------------------------------------------------------------------------------------------------+
; Assembler Device Options: C:/Users/justi/Desktop/MSEE/BEE526/BEE526_Project/DE10-Lite/RaspberryPi_Accelerator/RaspberryPi_Accelerator.sof ;
+----------------+--------------------------------------------------------------------------------------------------------------------------+
; Option         ; Setting                                                                                                                  ;
+----------------+--------------------------------------------------------------------------------------------------------------------------+
; JTAG usercode  ; 0x002B9B0B                                                                                                               ;
; Checksum       ; 0x002B9B0B                                                                                                               ;
+----------------+--------------------------------------------------------------------------------------------------------------------------+


+--------------------+
; Assembler Messages ;
+--------------------+
Info: *******************************************************************
Info: Running Quartus Prime Assembler
    Info: Version 21.1.1 Build 850 06/23/2022 SJ Lite Edition
    Info: Processing started: Tue May 16 04:04:30 2023
Info: Command: quartus_asm --read_settings_files=off --write_settings_files=off RaspberryPi_Accelerator -c RaspberryPi_Accelerator
Warning (18236): Number of processors has not been specified which may cause overloading on shared machines.  Set the global assignment NUM_PARALLEL_PROCESSORS in your QSF to an appropriate value for best performance.
Info (115031): Writing out detailed assembly data for power analysis
Info (115030): Assembler is generating device programming files
Info: Quartus Prime Assembler was successful. 0 errors, 1 warning
    Info: Peak virtual memory: 4737 megabytes
    Info: Processing ended: Tue May 16 04:04:35 2023
    Info: Elapsed time: 00:00:05
    Info: Total CPU time (on all processors): 00:00:04


